<?xml version="1.0" encoding="UTF-8"?>
<!-- Generated by org.testng.reporters.JUnitXMLReporter -->
<testsuite hostname="DESKTOP-CGGCESQ" ignored="0" name="TC_LoginDDT_002" tests="4" failures="0" timestamp="07 May 2020 22:00:53 GMT" time="42.739" errors="0">
  <testcase name="loginTest" time="13.99" classname="com.nopcommerce.testCases.TC_LoginDDT_002"/>
  <testcase name="loginTest" time="6.471" classname="com.nopcommerce.testCases.TC_LoginDDT_002"/>
  <testcase name="loginTest" time="6.173" classname="com.nopcommerce.testCases.TC_LoginDDT_002"/>
  <testcase name="loginTest" time="6.14" classname="com.nopcommerce.testCases.TC_LoginDDT_002"/>
</testsuite> <!-- TC_LoginDDT_002 -->
